This is LuaTeX, Version 1.0.4 (MiKTeX 2.9.6300 64-bit)  (format=lualatex 2018.2.17)  17 FEB 2018 21:19
 restricted system commands enabled.
**"C:/Users/texense/Desktop/MLMC/MLMC paper/MLMC.tex"
("C:/Users/texense/Desktop/MLMC/MLMC paper/MLMC.tex"
LaTeX2e <2017-04-15>
Lua module: luaotfload-main 2017/01/29 2.80001 OpenType layout system.
Lua module: lualibs 2017-02-01 2.5 ConTeXt Lua standard libraries.
Lua module: lualibs-extended 2017-02-01 2.5 ConTeXt Lua libraries -- extended co
llection.(using cache: C:/Users/texense/AppData/Local/MiKTeX/2.9/luatex-cache/ge
neric)
luaotfload | conf : Root cache directory is C:/Users/texense/AppData/Local/MiKTe
X/2.9/luatex-cache/generic/names.
luaotfload | init : Loading fontloader “fontloader-2017-02-11.lua” from kpse
-resolved path “C:/Program Files/MiKTeX 2.9/tex/luatex/luaotfload/fontloader-2
017-02-11.lua”.
Lua-only attribute luaotfload@state = 1
Lua-only attribute luaotfload@noligature = 2
Lua-only attribute luaotfload@syllabe = 3
luaotfload | init : Context OpenType loader version “3.027”
Inserting `luaotfload.node_processor' at position 1 in `pre_linebreak_filter'.
Inserting `luaotfload.node_processor' at position 1 in `hpack_filter'.
Inserting `luaotfload.define_font' at position 1 in `define_font'.
Lua-only attribute luaotfload_color_attribute = 4
luaotfload | conf : Root cache directory is C:/Users/texense/AppData/Local/MiKTe
X/2.9/luatex-cache/generic/names.
Inserting `luaotfload.aux.set_sscale_dimens' at position 1 in `luaotfload.patch_
font'.
Inserting `luaotfload.aux.patch_cambria_domh' at position 2 in `luaotfload.patch
_font'.
Inserting `luaotfload.aux.fixup_fontdata' at position 1 in `luaotfload.patch_fon
t_unsafe'.
Inserting `luaotfload.aux.set_capheight' at position 3 in `luaotfload.patch_font
'.
Inserting `luaotfload.rewrite_fontname' at position 4 in `luaotfload.patch_font'
.
luaotfload | main : initialization completed in 0.507 seconds
Babel <3.9r> and hyphenation patterns for 1 language(s) loaded.
("C:/Program Files/MiKTeX 2.9/tex/latex/base/article.cls"
Document Class: article 2014/09/29 v1.4h Standard LaTeX document class
("C:/Program Files/MiKTeX 2.9/tex/latex/base/size10.clo"
File: size10.clo 2014/09/29 v1.4h Standard LaTeX file (size option)
luaotfload | db : Font names database loaded from C:/Users/texense/AppData/Local
/MiKTeX/2.9/luatex-cache/generic/names/luaotfload-names.luc(load luc: C:/Users/t
exense/AppData/Local/MiKTeX/2.9/luatex-cache/generic/fonts/otl/lmroman10-regular
.luc))
\c@part=\count79
\c@section=\count80
\c@subsection=\count81
\c@subsubsection=\count82
\c@paragraph=\count83
\c@subparagraph=\count84
\c@figure=\count85
\c@table=\count86
\abovecaptionskip=\skip41
\belowcaptionskip=\skip42
\bibindent=\dimen102
) ("C:/Program Files/MiKTeX 2.9/tex/latex/geometry/geometry.sty"
Package: geometry 2010/09/12 v5.6 Page Geometry

("C:/Program Files/MiKTeX 2.9/tex/latex/graphics/keyval.sty"
Package: keyval 2014/10/28 v1.15 key=value parser (DPC)
\KV@toks@=\toks14
)
("C:/Program Files/MiKTeX 2.9/tex/generic/oberdiek/ifpdf.sty"
Package: ifpdf 2017/03/15 v3.2 Provides the ifpdf switch
)
("C:/Program Files/MiKTeX 2.9/tex/generic/oberdiek/ifvtex.sty"
Package: ifvtex 2016/05/16 v1.6 Detect VTeX and its facilities (HO)
Package ifvtex Info: VTeX not detected.
)
("C:/Program Files/MiKTeX 2.9/tex/generic/ifxetex/ifxetex.sty"
Package: ifxetex 2010/09/12 v0.6 Provides ifxetex conditional
)
\Gm@cnth=\count87
\Gm@cntv=\count88
\c@Gm@tempcnt=\count89
\Gm@bindingoffset=\dimen103
\Gm@wd@mp=\dimen104
\Gm@odd@mp=\dimen105
\Gm@even@mp=\dimen106
\Gm@layoutwidth=\dimen107
\Gm@layoutheight=\dimen108
\Gm@layouthoffset=\dimen109
\Gm@layoutvoffset=\dimen110
\Gm@dimlist=\toks15

("C:/Program Files/MiKTeX 2.9/tex/latex/geometry/geometry.cfg"))
("C:/Program Files/MiKTeX 2.9/tex/latex/base/inputenc.sty"
Package: inputenc 2015/03/17 v1.2c Input encoding file
\inpenc@prehook=\toks16
\inpenc@posthook=\toks17


Package inputenc Warning: inputenc package ignored with utf8 based engines.

) ("C:/Program Files/MiKTeX 2.9/tex/latex/amsmath/amsmath.sty"
Package: amsmath 2016/11/05 v2.16a AMS math features
\@mathmargin=\skip43

For additional information on amsmath, use the `?' option.
("C:/Program Files/MiKTeX 2.9/tex/latex/amsmath/amstext.sty"
Package: amstext 2000/06/29 v2.01 AMS text

("C:/Program Files/MiKTeX 2.9/tex/latex/amsmath/amsgen.sty"
File: amsgen.sty 1999/11/30 v2.0 generic functions
\@emptytoks=\toks18
\ex@=\dimen111
))
("C:/Program Files/MiKTeX 2.9/tex/latex/amsmath/amsbsy.sty"
Package: amsbsy 1999/11/29 v1.2d Bold Symbols
\pmbraise@=\dimen112
)
("C:/Program Files/MiKTeX 2.9/tex/latex/amsmath/amsopn.sty"
Package: amsopn 2016/03/08 v2.02 operator names
)
\inf@bad=\count90
LaTeX Info: Redefining \frac on input line 213.
\uproot@=\count91
\leftroot@=\count92
LaTeX Info: Redefining \overline on input line 375.
\classnum@=\count93
\DOTSCASE@=\count94
LaTeX Info: Redefining \ldots on input line 472.
LaTeX Info: Redefining \dots on input line 475.
LaTeX Info: Redefining \cdots on input line 596.
\Mathstrutbox@=\box26
\strutbox@=\box27
\big@size=\dimen113
LaTeX Font Info:    Redeclaring font encoding OML on input line 712.
LaTeX Font Info:    Redeclaring font encoding OMS on input line 713.
\macc@depth=\count95
\c@MaxMatrixCols=\count96
\dotsspace@=\muskip10
\c@parentequation=\count97
\dspbrk@lvl=\count98
\tag@help=\toks19
\row@=\count99
\column@=\count100
\maxfields@=\count101
\andhelp@=\toks20
\eqnshift@=\dimen114
\alignsep@=\dimen115
\tagshift@=\dimen116
\tagwidth@=\dimen117
\totwidth@=\dimen118
\lineht@=\dimen119
\@envbody=\toks21
\multlinegap=\skip44
\multlinetaggap=\skip45
\mathdisplay@stack=\toks22
LaTeX Info: Redefining \[ on input line 2817.
LaTeX Info: Redefining \] on input line 2818.
)
("C:/Program Files/MiKTeX 2.9/tex/latex/amsfonts/amssymb.sty"
Package: amssymb 2013/01/14 v3.01 AMS font symbols

("C:/Program Files/MiKTeX 2.9/tex/latex/amsfonts/amsfonts.sty"
Package: amsfonts 2013/01/14 v3.01 Basic AMSFonts support
\symAMSa=\mathgroup4
\symAMSb=\mathgroup5
LaTeX Font Info:    Overwriting math alphabet `\mathfrak' in version `bold'
(Font)                  U/euf/m/n --> U/euf/b/n on input line 106.
))
("C:/Program Files/MiKTeX 2.9/tex/latex/amscls/amsthm.sty"
Package: amsthm 2015/03/04 v2.20.2
\thm@style=\toks23
\thm@bodyfont=\toks24
\thm@headfont=\toks25
\thm@notefont=\toks26
\thm@headpunct=\toks27
\thm@preskip=\skip46
\thm@postskip=\skip47
\thm@headsep=\skip48
\dth@everypar=\toks28
)
("C:/Program Files/MiKTeX 2.9/tex/latex/hyperref/hyperref.sty"
Package: hyperref 2017/03/14 v6.85a Hypertext links for LaTeX

("C:/Program Files/MiKTeX 2.9/tex/generic/oberdiek/hobsub-hyperref.sty"
Package: hobsub-hyperref 2016/05/16 v1.14 Bundle oberdiek, subset hyperref (HO)

("C:/Program Files/MiKTeX 2.9/tex/generic/oberdiek/hobsub-generic.sty"
Package: hobsub-generic 2016/05/16 v1.14 Bundle oberdiek, subset generic (HO)
Package: hobsub 2016/05/16 v1.14 Construct package bundles (HO)
Package: infwarerr 2016/05/16 v1.4 Providing info/warning/error messages (HO)
Package: ltxcmds 2016/05/16 v1.23 LaTeX kernel commands for general use (HO)
Package: ifluatex 2016/05/16 v1.4 Provides the ifluatex switch (HO)
Package ifluatex Info: LuaTeX detected.
Package hobsub Info: Skipping package `ifvtex' (already loaded).
Package: intcalc 2016/05/16 v1.2 Expandable calculations with integers (HO)
Package hobsub Info: Skipping package `ifpdf' (already loaded).
Package: etexcmds 2016/05/16 v1.6 Avoid name clashes with e-TeX commands (HO)
Package: kvsetkeys 2016/05/16 v1.17 Key value parser (HO)
Package: kvdefinekeys 2016/05/16 v1.4 Define keys (HO)
Package: luatex-loader 2016/05/16 v0.6 Lua module loader (HO)

(C:/Program Files/MiKTeX 2.9/scripts/oberdiek/oberdiek.luatex.lua)
Package: pdftexcmds 2017/03/19 v0.25 Utility functions of pdfTeX for LuaTeX (HO)

Package pdftexcmds Info: \pdf@primitive is available.
Package pdftexcmds Info: \pdf@ifprimitive is available.
Package pdftexcmds Info: \pdfdraftmode found.
\pdftexcmds@toks=\toks29
Package: pdfescape 2016/05/16 v1.14 Implements pdfTeX's escape features (HO)
Package: bigintcalc 2016/05/16 v1.4 Expandable calculations on big integers (HO)

Package: bitset 2016/05/16 v1.2 Handle bit-vector datatype (HO)
Package: uniquecounter 2016/05/16 v1.3 Provide unlimited unique counter (HO)
)
Package hobsub Info: Skipping package `hobsub' (already loaded).
Package: letltxmacro 2016/05/16 v1.5 Let assignment for LaTeX macros (HO)
Package: hopatch 2016/05/16 v1.3 Wrapper for package hooks (HO)
Package: xcolor-patch 2016/05/16 xcolor patch
Package: atveryend 2016/05/16 v1.9 Hooks at the very end of document (HO)
Package atveryend Info: \enddocument detected (standard20110627).
Package: atbegshi 2016/06/09 v1.18 At begin shipout hook (HO)
Package: refcount 2016/05/16 v3.5 Data extraction from label references (HO)
Package: hycolor 2016/05/16 v1.8 Color options for hyperref/bookmark (HO)
)
("C:/Program Files/MiKTeX 2.9/tex/latex/oberdiek/auxhook.sty"
Package: auxhook 2016/05/16 v1.4 Hooks for auxiliary files (HO)
)
("C:/Program Files/MiKTeX 2.9/tex/latex/oberdiek/kvoptions.sty"
Package: kvoptions 2016/05/16 v3.12 Key value format for package options (HO)
)
\@linkdim=\dimen120
\Hy@linkcounter=\count102
\Hy@pagecounter=\count103

("C:/Program Files/MiKTeX 2.9/tex/latex/hyperref/pd1enc.def"
File: pd1enc.def 2017/03/14 v6.85a Hyperref: PDFDocEncoding definition (HO)
)
\Hy@SavedSpaceFactor=\count104

("C:/Program Files/MiKTeX 2.9/tex/latex/00miktex/hyperref.cfg"
File: hyperref.cfg 2002/06/06 v1.2 hyperref configuration of TeXLive
)
Package hyperref Info: Hyper figures OFF on input line 4498.
Package hyperref Info: Link nesting OFF on input line 4503.
Package hyperref Info: Hyper index ON on input line 4506.
Package hyperref Info: Plain pages OFF on input line 4513.
Package hyperref Info: Backreferencing OFF on input line 4518.
Package hyperref Info: Implicit mode ON; LaTeX internals redefined.
Package hyperref Info: Bookmarks ON on input line 4751.
\c@Hy@tempcnt=\count105

("C:/Program Files/MiKTeX 2.9/tex/latex/url/url.sty"
\Urlmuskip=\muskip11
Package: url 2013/09/16  ver 3.4  Verb mode for urls, etc.
)
LaTeX Info: Redefining \url on input line 5104.
\XeTeXLinkMargin=\dimen121
\Fld@menulength=\count106
\Field@Width=\dimen122
\Fld@charsize=\dimen123
Package hyperref Info: Hyper figures OFF on input line 6358.
Package hyperref Info: Link nesting OFF on input line 6363.
Package hyperref Info: Hyper index ON on input line 6366.
Package hyperref Info: backreferencing OFF on input line 6373.
Package hyperref Info: Link coloring OFF on input line 6378.
Package hyperref Info: Link coloring with OCG OFF on input line 6383.
Package hyperref Info: PDF/A mode OFF on input line 6388.
LaTeX Info: Redefining \ref on input line 6428.
LaTeX Info: Redefining \pageref on input line 6432.
\Hy@abspage=\count107
\c@Item=\count108
\c@Hfootnote=\count109
)

Package hyperref Message: Driver (autodetected): hluatex.

("C:/Program Files/MiKTeX 2.9/tex/latex/hyperref/hluatex.def"
File: hluatex.def 2017/03/14 v6.85a Hyperref driver for luaTeX
\Fld@listcount=\count110
\c@bookmark@seq@number=\count111

("C:/Program Files/MiKTeX 2.9/tex/latex/oberdiek/rerunfilecheck.sty"
Package: rerunfilecheck 2016/05/16 v1.8 Rerun checks for auxiliary files (HO)
Package uniquecounter Info: New unique counter `rerunfilecheck' on input line 28
2.
)
\Hy@SectionHShift=\skip49
)
("C:/Program Files/MiKTeX 2.9/tex/latex/ulem/ulem.sty"
\UL@box=\box28
\UL@hyphenbox=\box29
\UL@skip=\skip50
\UL@hook=\toks30
\UL@height=\dimen124
\UL@pe=\count112
\UL@pixel=\dimen125
\ULC@box=\box30
Package: ulem 2012/05/18
\ULdepth=\dimen126
)
("C:/Program Files/MiKTeX 2.9/tex/latex/mathabx/mathabx.sty"
Package: mathabx 2003/07/29 v0.0 Non-standard LaTeX package mathabx
\symmatha=\mathgroup6
\symmathb=\mathgroup7
\symmathx=\mathgroup8

("C:/Program Files/MiKTeX 2.9/tex/generic/mathabx/mathabx.dcl"
LaTeX Font Info:    Redeclaring math symbol \cdotp on input line 25.
LaTeX Font Info:    Redeclaring math symbol \times on input line 33.
LaTeX Font Info:    Redeclaring math symbol \div on input line 34.
LaTeX Font Info:    Redeclaring math symbol \cdot on input line 35.
LaTeX Font Info:    Redeclaring math symbol \circ on input line 36.
LaTeX Font Info:    Redeclaring math symbol \ast on input line 38.
LaTeX Font Info:    Redeclaring math symbol \pm on input line 41.
LaTeX Font Info:    Redeclaring math symbol \mp on input line 42.
LaTeX Font Info:    Redeclaring math symbol \ltimes on input line 43.
LaTeX Font Info:    Redeclaring math symbol \rtimes on input line 44.
LaTeX Font Info:    Redeclaring math symbol \diamond on input line 45.
LaTeX Font Info:    Redeclaring math symbol \bullet on input line 46.
LaTeX Font Info:    Redeclaring math symbol \star on input line 47.
LaTeX Font Info:    Redeclaring math symbol \amalg on input line 51.
LaTeX Font Info:    Redeclaring math symbol \dotplus on input line 58.
LaTeX Font Info:    Redeclaring math symbol \square on input line 63.
LaTeX Font Info:    Redeclaring math symbol \divideontimes on input line 71.
LaTeX Font Info:    Redeclaring math symbol \bigstar on input line 75.
LaTeX Font Info:    Redeclaring math symbol \equiv on input line 83.
LaTeX Font Info:    Redeclaring math symbol \sim on input line 84.
LaTeX Font Info:    Redeclaring math symbol \approx on input line 85.
LaTeX Font Info:    Redeclaring math symbol \simeq on input line 86.
LaTeX Font Info:    Redeclaring math symbol \asymp on input line 89.
LaTeX Font Info:    Redeclaring math symbol \nsim on input line 97.
LaTeX Font Info:    Redeclaring math symbol \ncong on input line 100.
LaTeX Font Info:    Redeclaring math symbol \risingdotseq on input line 118.
LaTeX Font Info:    Redeclaring math symbol \fallingdotseq on input line 119.
LaTeX Font Info:    Redeclaring math symbol \circeq on input line 125.
LaTeX Font Info:    Redeclaring math symbol \eqcirc on input line 126.
LaTeX Font Info:    Redeclaring math symbol \triangleq on input line 127.
LaTeX Font Info:    Redeclaring math symbol \neg on input line 134.
LaTeX Font Info:    Redeclaring math symbol \ll on input line 136.
LaTeX Font Info:    Redeclaring math symbol \gg on input line 137.
LaTeX Font Info:    Redeclaring math symbol \vdash on input line 139.
LaTeX Font Info:    Redeclaring math symbol \dashv on input line 140.
LaTeX Font Info:    Redeclaring math symbol \nvdash on input line 141.
LaTeX Font Info:    Redeclaring math symbol \vDash on input line 143.
LaTeX Font Info:    Redeclaring math symbol \nvDash on input line 145.
LaTeX Font Info:    Redeclaring math symbol \Vdash on input line 147.
LaTeX Font Info:    Redeclaring math symbol \nVdash on input line 149.
LaTeX Font Info:    Redeclaring math symbol \flat on input line 158.
LaTeX Font Info:    Redeclaring math symbol \natural on input line 159.
LaTeX Font Info:    Redeclaring math symbol \sharp on input line 160.
LaTeX Font Info:    Redeclaring math symbol \infty on input line 161.
LaTeX Font Info:    Redeclaring math symbol \propto on input line 162.
LaTeX Font Info:    Redeclaring math symbol \dagger on input line 163.
LaTeX Font Info:    Redeclaring math symbol \ddagger on input line 164.
LaTeX Font Info:    Redeclaring math symbol \between on input line 170.
LaTeX Font Info:    Redeclaring math symbol \smile on input line 171.
LaTeX Font Info:    Redeclaring math symbol \frown on input line 172.
LaTeX Font Info:    Redeclaring math symbol \leftthreetimes on input line 174.
LaTeX Font Info:    Redeclaring math symbol \rightthreetimes on input line 175.
LaTeX Font Info:    Redeclaring math symbol \pitchfork on input line 176.
LaTeX Font Info:    Redeclaring math symbol \nVDash on input line 182.
LaTeX Font Info:    Redeclaring math symbol \Vvdash on input line 184.
LaTeX Font Info:    Redeclaring math symbol \therefore on input line 189.
LaTeX Font Info:    Redeclaring math symbol \because on input line 190.
LaTeX Font Info:    Redeclaring math symbol \measuredangle on input line 202.
LaTeX Font Info:    Redeclaring math symbol \sphericalangle on input line 203.
LaTeX Font Info:    Redeclaring math symbol \setminus on input line 218.
LaTeX Font Info:    Redeclaring math symbol \mid on input line 222.
LaTeX Font Info:    Redeclaring math symbol \forall on input line 279.
LaTeX Font Info:    Redeclaring math symbol \complement on input line 280.
LaTeX Font Info:    Redeclaring math symbol \partial on input line 281.
LaTeX Font Info:    Redeclaring math symbol \exists on input line 284.
LaTeX Font Info:    Redeclaring math symbol \nexists on input line 285.
LaTeX Font Info:    Redeclaring math symbol \Finv on input line 286.
LaTeX Font Info:    Redeclaring math symbol \Game on input line 287.
LaTeX Font Info:    Redeclaring math symbol \emptyset on input line 288.
LaTeX Font Info:    Redeclaring math symbol \top on input line 290.
LaTeX Font Info:    Redeclaring math symbol \bot on input line 291.
LaTeX Font Info:    Redeclaring math symbol \perp on input line 292.
LaTeX Font Info:    Redeclaring math symbol \curlywedge on input line 296.
LaTeX Font Info:    Redeclaring math symbol \curlyvee on input line 297.
LaTeX Font Info:    Redeclaring math symbol \in on input line 299.
LaTeX Font Info:    Redeclaring math symbol \owns on input line 300.
LaTeX Font Info:    Redeclaring math symbol \cap on input line 312.
LaTeX Font Info:    Redeclaring math symbol \cup on input line 313.
LaTeX Font Info:    Redeclaring math symbol \uplus on input line 314.
LaTeX Font Info:    Redeclaring math symbol \sqcap on input line 315.
LaTeX Font Info:    Redeclaring math symbol \sqcup on input line 316.
LaTeX Font Info:    Redeclaring math symbol \wedge on input line 318.
LaTeX Font Info:    Redeclaring math symbol \vee on input line 320.
LaTeX Font Info:    Redeclaring math symbol \barwedge on input line 327.
LaTeX Font Info:    Redeclaring math symbol \veebar on input line 328.
LaTeX Font Info:    Redeclaring math symbol \doublebarwedge on input line 329.
LaTeX Font Info:    Redeclaring math symbol \doublecap on input line 331.
LaTeX Font Info:    Redeclaring math symbol \doublecup on input line 333.
LaTeX Font Info:    Redeclaring math symbol \subset on input line 344.
LaTeX Font Info:    Redeclaring math symbol \supset on input line 345.
LaTeX Font Info:    Redeclaring math symbol \subseteq on input line 348.
LaTeX Font Info:    Redeclaring math symbol \supseteq on input line 349.
LaTeX Font Info:    Redeclaring math symbol \nsubseteq on input line 350.
LaTeX Font Info:    Redeclaring math symbol \nsupseteq on input line 351.
LaTeX Font Info:    Redeclaring math symbol \subsetneq on input line 352.
LaTeX Font Info:    Redeclaring math symbol \supsetneq on input line 353.
LaTeX Font Info:    Redeclaring math symbol \varsubsetneq on input line 354.
LaTeX Font Info:    Redeclaring math symbol \varsupsetneq on input line 355.
LaTeX Font Info:    Redeclaring math symbol \subseteqq on input line 357.
LaTeX Font Info:    Redeclaring math symbol \supseteqq on input line 358.
LaTeX Font Info:    Redeclaring math symbol \nsubseteqq on input line 359.
LaTeX Font Info:    Redeclaring math symbol \nsupseteqq on input line 360.
LaTeX Font Info:    Redeclaring math symbol \subsetneqq on input line 361.
LaTeX Font Info:    Redeclaring math symbol \supsetneqq on input line 362.
LaTeX Font Info:    Redeclaring math symbol \varsubsetneqq on input line 363.
LaTeX Font Info:    Redeclaring math symbol \varsupsetneqq on input line 364.
LaTeX Font Info:    Redeclaring math symbol \Subset on input line 366.
LaTeX Font Info:    Redeclaring math symbol \Supset on input line 367.
LaTeX Font Info:    Redeclaring math symbol \sqsubseteq on input line 380.
LaTeX Font Info:    Redeclaring math symbol \sqsupseteq on input line 381.
LaTeX Font Info:    Redeclaring math symbol \triangleleft on input line 407.
LaTeX Font Info:    Redeclaring math symbol \vartriangleleft on input line 408.
LaTeX Font Info:    Redeclaring math symbol \triangleright on input line 409.
LaTeX Font Info:    Redeclaring math symbol \vartriangleright on input line 410.

LaTeX Font Info:    Redeclaring math symbol \ntriangleleft on input line 411.
LaTeX Font Info:    Redeclaring math symbol \ntriangleright on input line 412.
LaTeX Font Info:    Redeclaring math symbol \trianglelefteq on input line 413.
LaTeX Font Info:    Redeclaring math symbol \trianglerighteq on input line 414.
LaTeX Font Info:    Redeclaring math symbol \ntrianglelefteq on input line 415.
LaTeX Font Info:    Redeclaring math symbol \ntrianglerighteq on input line 416.

LaTeX Font Info:    Redeclaring math symbol \blacktriangledown on input line 427
.
LaTeX Font Info:    Redeclaring math symbol \blacktriangleleft on input line 428
.
LaTeX Font Info:    Redeclaring math symbol \blacktriangleright on input line 42
9.
LaTeX Font Info:    Redeclaring math symbol \nless on input line 437.
LaTeX Font Info:    Redeclaring math symbol \ngtr on input line 438.
LaTeX Font Info:    Redeclaring math symbol \leq on input line 439.
LaTeX Font Info:    Redeclaring math symbol \geq on input line 441.
LaTeX Font Info:    Redeclaring math symbol \nleq on input line 443.
LaTeX Font Info:    Redeclaring math symbol \ngeq on input line 445.
LaTeX Font Info:    Redeclaring math symbol \lneq on input line 451.
LaTeX Font Info:    Redeclaring math symbol \gneq on input line 452.
LaTeX Font Info:    Redeclaring math symbol \leqq on input line 453.
LaTeX Font Info:    Redeclaring math symbol \geqq on input line 454.
LaTeX Font Info:    Redeclaring math symbol \nleqq on input line 455.
LaTeX Font Info:    Redeclaring math symbol \ngeqq on input line 456.
LaTeX Font Info:    Redeclaring math symbol \lneqq on input line 457.
LaTeX Font Info:    Redeclaring math symbol \gneqq on input line 458.
LaTeX Font Info:    Redeclaring math symbol \lvertneqq on input line 459.
LaTeX Font Info:    Redeclaring math symbol \gvertneqq on input line 460.
LaTeX Font Info:    Redeclaring math symbol \eqslantless on input line 461.
LaTeX Font Info:    Redeclaring math symbol \eqslantgtr on input line 462.
LaTeX Font Info:    Redeclaring math symbol \lessgtr on input line 465.
LaTeX Font Info:    Redeclaring math symbol \gtrless on input line 466.
LaTeX Font Info:    Redeclaring math symbol \lesseqgtr on input line 467.
LaTeX Font Info:    Redeclaring math symbol \gtreqless on input line 468.
LaTeX Font Info:    Redeclaring math symbol \lesseqqgtr on input line 469.
LaTeX Font Info:    Redeclaring math symbol \gtreqqless on input line 470.
LaTeX Font Info:    Redeclaring math symbol \lesssim on input line 472.
LaTeX Font Info:    Redeclaring math symbol \gtrsim on input line 473.
LaTeX Font Info:    Redeclaring math symbol \lnsim on input line 476.
LaTeX Font Info:    Redeclaring math symbol \gnsim on input line 477.
LaTeX Font Info:    Redeclaring math symbol \lessapprox on input line 478.
LaTeX Font Info:    Redeclaring math symbol \gtrapprox on input line 479.
LaTeX Font Info:    Redeclaring math symbol \lnapprox on input line 482.
LaTeX Font Info:    Redeclaring math symbol \gnapprox on input line 483.
LaTeX Font Info:    Redeclaring math symbol \lessdot on input line 485.
LaTeX Font Info:    Redeclaring math symbol \gtrdot on input line 486.
LaTeX Font Info:    Redeclaring math symbol \lll on input line 488.
LaTeX Font Info:    Redeclaring math symbol \ggg on input line 489.
LaTeX Font Info:    Redeclaring math symbol \prec on input line 498.
LaTeX Font Info:    Redeclaring math symbol \succ on input line 499.
LaTeX Font Info:    Redeclaring math symbol \nprec on input line 500.
LaTeX Font Info:    Redeclaring math symbol \nsucc on input line 501.
LaTeX Font Info:    Redeclaring math symbol \preccurlyeq on input line 502.
LaTeX Font Info:    Redeclaring math symbol \succcurlyeq on input line 503.
LaTeX Font Info:    Redeclaring math symbol \preceq on input line 506.
LaTeX Font Info:    Redeclaring math symbol \succeq on input line 507.
LaTeX Font Info:    Redeclaring math symbol \npreceq on input line 508.
LaTeX Font Info:    Redeclaring math symbol \nsucceq on input line 509.
LaTeX Font Info:    Redeclaring math symbol \curlyeqprec on input line 512.
LaTeX Font Info:    Redeclaring math symbol \curlyeqsucc on input line 513.
LaTeX Font Info:    Redeclaring math symbol \precsim on input line 517.
LaTeX Font Info:    Redeclaring math symbol \succsim on input line 518.
LaTeX Font Info:    Redeclaring math symbol \precnsim on input line 521.
LaTeX Font Info:    Redeclaring math symbol \succnsim on input line 522.
LaTeX Font Info:    Redeclaring math symbol \precapprox on input line 523.
LaTeX Font Info:    Redeclaring math symbol \succapprox on input line 524.
LaTeX Font Info:    Redeclaring math symbol \precnapprox on input line 527.
LaTeX Font Info:    Redeclaring math symbol \succnapprox on input line 528.
LaTeX Font Info:    Redeclaring math symbol \leftarrow on input line 540.
LaTeX Font Info:    Redeclaring math symbol \rightarrow on input line 542.
LaTeX Font Info:    Redeclaring math symbol \nwarrow on input line 546.
LaTeX Font Info:    Redeclaring math symbol \nearrow on input line 547.
LaTeX Font Info:    Redeclaring math symbol \swarrow on input line 548.
LaTeX Font Info:    Redeclaring math symbol \searrow on input line 549.
LaTeX Font Info:    Redeclaring math symbol \leftrightarrow on input line 550.
LaTeX Font Info:    Redeclaring math symbol \nleftarrow on input line 552.
LaTeX Font Info:    Redeclaring math symbol \nrightarrow on input line 553.
LaTeX Font Info:    Redeclaring math symbol \nleftrightarrow on input line 554.
LaTeX Font Info:    Redeclaring math symbol \mapstochar on input line 557.
LaTeX Font Info:    Redeclaring math symbol \leftharpoonup on input line 560.
LaTeX Font Info:    Redeclaring math symbol \rightharpoonup on input line 561.
LaTeX Font Info:    Redeclaring math symbol \leftharpoondown on input line 562.
LaTeX Font Info:    Redeclaring math symbol \rightharpoondown on input line 563.

LaTeX Font Info:    Redeclaring math symbol \upharpoonleft on input line 564.
LaTeX Font Info:    Redeclaring math symbol \downharpoonleft on input line 565.
LaTeX Font Info:    Redeclaring math symbol \upharpoonright on input line 566.
LaTeX Font Info:    Redeclaring math symbol \restriction on input line 567.
LaTeX Font Info:    Redeclaring math symbol \downharpoonright on input line 568.

LaTeX Font Info:    Redeclaring math symbol \leftrightharpoons on input line 569
.
LaTeX Font Info:    Redeclaring math symbol \Leftarrow on input line 575.
LaTeX Font Info:    Redeclaring math symbol \Rightarrow on input line 576.
LaTeX Font Info:    Redeclaring math symbol \Leftrightarrow on input line 579.
LaTeX Font Info:    Redeclaring math symbol \nLeftarrow on input line 581.
LaTeX Font Info:    Redeclaring math symbol \nRightarrow on input line 582.
LaTeX Font Info:    Redeclaring math symbol \nLeftrightarrow on input line 583.
LaTeX Font Info:    Redeclaring math symbol \leftleftarrows on input line 593.
LaTeX Font Info:    Redeclaring math symbol \rightrightarrows on input line 594.

LaTeX Font Info:    Redeclaring math symbol \upuparrows on input line 595.
LaTeX Font Info:    Redeclaring math symbol \downdownarrows on input line 596.
LaTeX Font Info:    Redeclaring math symbol \leftrightarrows on input line 597.
LaTeX Font Info:    Redeclaring math symbol \rightleftarrows on input line 598.
LaTeX Font Info:    Redeclaring math symbol \rhook on input line 612.
LaTeX Font Info:    Redeclaring math symbol \lhook on input line 613.
LaTeX Font Info:    Redeclaring math symbol \diagup on input line 614.
LaTeX Font Info:    Redeclaring math symbol \diagdown on input line 615.
LaTeX Font Info:    Redeclaring math symbol \Lsh on input line 617.
LaTeX Font Info:    Redeclaring math symbol \Rsh on input line 619.
LaTeX Font Info:    Redeclaring math symbol \looparrowleft on input line 624.
LaTeX Font Info:    Redeclaring math symbol \looparrowright on input line 626.
LaTeX Font Info:    Redeclaring math symbol \curvearrowleft on input line 631.
LaTeX Font Info:    Redeclaring math symbol \curvearrowright on input line 633.
LaTeX Font Info:    Redeclaring math symbol \circlearrowleft on input line 641.
LaTeX Font Info:    Redeclaring math symbol \circlearrowright on input line 642.

LaTeX Font Info:    Redeclaring math symbol \rightsquigarrow on input line 645.
LaTeX Font Info:    Redeclaring math symbol \leftrightsquigarrow on input line 6
46.
LaTeX Font Info:    Redeclaring math symbol \oplus on input line 658.
LaTeX Font Info:    Redeclaring math symbol \ominus on input line 659.
LaTeX Font Info:    Redeclaring math symbol \otimes on input line 661.
LaTeX Font Info:    Redeclaring math symbol \odot on input line 663.
LaTeX Font Info:    Redeclaring math symbol \oslash on input line 675.
LaTeX Font Info:    Redeclaring math symbol \boxplus on input line 683.
LaTeX Font Info:    Redeclaring math symbol \boxminus on input line 684.
LaTeX Font Info:    Redeclaring math symbol \boxtimes on input line 686.
LaTeX Font Info:    Redeclaring math symbol \boxdot on input line 688.
\mayacnter=\count113
\mayacnta=\count114
\mayacntb=\count115
\mayacntc=\count116
\mayawidth=\dimen127
LaTeX Font Info:    Redeclaring math symbol \intop on input line 753.
LaTeX Font Info:    Redeclaring math symbol \ointop on input line 760.
LaTeX Font Info:    Redeclaring math delimiter \lbrace on input line 842.
LaTeX Info: Redefining \{ on input line 846.
LaTeX Font Info:    Redeclaring math delimiter \rbrace on input line 848.
LaTeX Info: Redefining \} on input line 852.
LaTeX Font Info:    Redeclaring math delimiter \langle on input line 858.
LaTeX Font Info:    Redeclaring math delimiter \rangle on input line 859.
LaTeX Font Info:    Redeclaring math delimiter \vert on input line 863.
LaTeX Font Info:    Redeclaring math delimiter \Vert on input line 865.
LaTeX Font Info:    Redeclaring math delimiter \uparrow on input line 868.
LaTeX Font Info:    Redeclaring math delimiter \downarrow on input line 869.
LaTeX Font Info:    Redeclaring math delimiter \updownarrow on input line 870.
LaTeX Font Info:    Redeclaring math delimiter \Uparrow on input line 871.
LaTeX Font Info:    Redeclaring math delimiter \Downarrow on input line 872.
LaTeX Font Info:    Redeclaring math delimiter \Updownarrow on input line 873.
LaTeX Font Info:    Redeclaring math delimiter \lgroup on input line 880.
LaTeX Font Info:    Redeclaring math delimiter \rgroup on input line 881.
LaTeX Font Info:    Redeclaring math delimiter \lceil on input line 882.
LaTeX Font Info:    Redeclaring math delimiter \rceil on input line 883.
LaTeX Font Info:    Redeclaring math delimiter \lfloor on input line 884.
LaTeX Font Info:    Redeclaring math delimiter \rfloor on input line 885.
LaTeX Font Info:    Redeclaring math symbol \braceld on input line 903.
LaTeX Font Info:    Redeclaring math symbol \bracerd on input line 905.
LaTeX Font Info:    Redeclaring math symbol \bracelu on input line 907.
LaTeX Font Info:    Redeclaring math symbol \braceru on input line 909.
LaTeX Font Info:    Redeclaring math accent \widehat on input line 944.
LaTeX Font Info:    Redeclaring math accent \widetilde on input line 946.
))
("C:/Program Files/MiKTeX 2.9/tex/latex/tools/multicol.sty"
Package: multicol 2017/04/11 v1.8q multicolumn formatting (FMi)
\c@tracingmulticols=\count117
\mult@box=\box31
\multicol@leftmargin=\dimen128
\c@unbalance=\count118
\c@collectmore=\count119
\doublecol@number=\count120
\multicoltolerance=\count121
\multicolpretolerance=\count122
\full@width=\dimen129
\page@free=\dimen130
\premulticols=\dimen131
\postmulticols=\dimen132
\multicolsep=\skip51
\multicolbaselineskip=\skip52
\partial@page=\box32
\last@line=\box33
\maxbalancingoverflow=\dimen133
\mult@rightbox=\box34
\mult@grightbox=\box35
\mult@gfirstbox=\box36
\mult@firstbox=\box37
\@tempa=\box38
\@tempa=\box39
\@tempa=\box40
\@tempa=\box41
\@tempa=\box42
\@tempa=\box43
\@tempa=\box44
\@tempa=\box45
\@tempa=\box46
\@tempa=\box47
\@tempa=\box48
\@tempa=\box49
\@tempa=\box50
\@tempa=\box51
\@tempa=\box52
\@tempa=\box53
\@tempa=\box54
\c@columnbadness=\count123
\c@finalcolumnbadness=\count124
\last@try=\dimen134
\multicolovershoot=\dimen135
\multicolundershoot=\dimen136
\mult@nat@firstbox=\box55
\colbreak@box=\box56
\mc@col@check@num=\count125
)
("C:/Program Files/MiKTeX 2.9/tex/latex/lipsum/lipsum.sty"
Package: lipsum 2014/07/27 v1.3 150 paragraphs of Lorem Ipsum dummy text
\c@lips@count=\count126
)
("C:/Program Files/MiKTeX 2.9/tex/latex/graphics/graphicx.sty"
Package: graphicx 2014/10/28 v1.0g Enhanced LaTeX Graphics (DPC,SPQR)

("C:/Program Files/MiKTeX 2.9/tex/latex/graphics/graphics.sty"
Package: graphics 2017/04/14 v1.1b Standard LaTeX Graphics (DPC,SPQR)

("C:/Program Files/MiKTeX 2.9/tex/latex/graphics/trig.sty"
Package: trig 2016/01/03 v1.10 sin cos tan (DPC)
)
("C:/Program Files/MiKTeX 2.9/tex/latex/graphics-cfg/graphics.cfg"
File: graphics.cfg 2016/06/04 v1.11 sample graphics configuration
)
Package graphics Info: Driver file: luatex.def on input line 99.

("C:/Program Files/MiKTeX 2.9/tex/latex/graphics-def/luatex.def"
File: luatex.def 2017/01/12 v0.01h Graphics/Color for luaTeX
\Gread@gobject=\count127
))
\Gin@req@height=\dimen137
\Gin@req@width=\dimen138
)
("C:/Program Files/MiKTeX 2.9/tex/latex/float/float.sty"
Package: float 2001/11/08 v1.3d Float enhancements (AL)
\c@float@type=\count128
\float@exts=\toks31
\float@box=\box57
\@float@everytoks=\toks32
\@floatcapt=\box58
)
("C:/Program Files/MiKTeX 2.9/tex/latex/cite/cite.sty"
LaTeX Info: Redefining \cite on input line 302.
LaTeX Info: Redefining \nocite on input line 332.
Package: cite 2015/02/27  v 5.5
)
("C:/Program Files/MiKTeX 2.9/tex/latex/base/fixltx2e.sty"
Package: fixltx2e 2016/12/29 v2.1a fixes to LaTeX (obsolete)
Applying: [2015/01/01] Old fixltx2e package on input line 46.


Package fixltx2e Warning: fixltx2e is not required with releases after 2015
(fixltx2e)                All fixes are now in the LaTeX kernel.
(fixltx2e)                See the latexrelease package for details.

Already applied: [0000/00/00] Old fixltx2e package on input line 53.
) ("C:/Program Files/MiKTeX 2.9/tex/latex/hyperref/nameref.sty"
Package: nameref 2016/05/21 v2.44 Cross-referencing by name of section

("C:/Program Files/MiKTeX 2.9/tex/generic/oberdiek/gettitlestring.sty"
Package: gettitlestring 2016/05/16 v1.5 Cleanup title references (HO)
)
\c@section@level=\count129
)
("C:/Program Files/MiKTeX 2.9/tex/latex/lineno/lineno.sty"
Package: lineno 2005/11/02 line numbers on paragraphs v4.41
\linenopenalty=\count130
\output=\toks33
\linenoprevgraf=\count131
\linenumbersep=\dimen139
\linenumberwidth=\dimen140
\c@linenumber=\count132
\c@pagewiselinenumber=\count133
\c@LN@truepage=\count134
\c@internallinenumber=\count135
\c@internallinenumbers=\count136
\quotelinenumbersep=\dimen141
\bframerule=\dimen142
\bframesep=\dimen143
\bframebox=\box59
LaTeX Info: Redefining \\ on input line 3056.
)
("C:/Program Files/MiKTeX 2.9/tex/latex/microtype/microtype.sty"
Package: microtype 2016/05/14 v2.6a Micro-typographical refinements (RS)
\MT@toks=\toks34
\MT@count=\count137
LaTeX Info: Redefining \textls on input line 774.
\MT@outer@kern=\dimen144
LaTeX Info: Redefining \textmicrotypecontext on input line 1310.
\MT@listname@count=\count138

("C:/Program Files/MiKTeX 2.9/tex/latex/microtype/microtype-luatex.def"
File: microtype-luatex.def 2016/05/14 v2.6a Definitions specific to luatex (RS)

("C:/Program Files/MiKTeX 2.9/tex/luatex/luatexbase/luatexbase.sty"
Package: luatexbase 2015/10/04 v1.3 luatexbase interface to LuaTeX 

("C:/Program Files/MiKTeX 2.9/tex/luatex/ctablestack/ctablestack.sty"
Package: ctablestack 2015/10/01 v1.0 Catcode table stable support
\@catcodetablestackcnt=\count139
)
\CatcodeTableOther=\catcodetable5
\CatcodeTableExpl=\catcodetable6
)
Lua module: microtype 2016/05/14 2.6a microtype module.
LaTeX Info: Redefining \lsstyle on input line 674.
LaTeX Info: Redefining \lslig on input line 674.
\MT@outer@space=\skip53
)
Package microtype Info: Loading configuration file microtype.cfg.

("C:/Program Files/MiKTeX 2.9/tex/latex/microtype/microtype.cfg"
File: microtype.cfg 2016/05/14 v2.6a microtype main configuration file (RS)
))
("C:/Program Files/MiKTeX 2.9/tex/latex/changepage/changepage.sty"
Package: changepage 2009/10/20 v1.0c check page and change page layout
\c@cp@cntr=\count140
\cp@tempcnt=\count141
)
("C:/Program Files/MiKTeX 2.9/tex/latex/tools/indentfirst.sty"
Package: indentfirst 1995/11/23 v1.03 Indent first paragraph (DPC)
)
("C:/Program Files/MiKTeX 2.9/tex/latex/caption/caption.sty"
Package: caption 2016/02/21 v3.3-144 Customizing captions (AR)

("C:/Program Files/MiKTeX 2.9/tex/latex/caption/caption3.sty"
Package: caption3 2016/05/22 v1.7-166 caption3 kernel (AR)
Package caption3 Info: TeX engine: e-TeX on input line 67.
\captionmargin=\dimen145
\captionmargin@=\dimen146
\captionwidth=\dimen147
\caption@tempdima=\dimen148
\caption@indent=\dimen149
\caption@parindent=\dimen150
\caption@hangindent=\dimen151
)
\c@ContinuedFloat=\count142
Package caption Info: float package is loaded.
Package caption Info: hyperref package is loaded.
)
("C:/Program Files/MiKTeX 2.9/tex/latex/lastpage/lastpage.sty"
Package: lastpage 2015/03/29 v1.2m Refers to last page's name (HMM; JPG)
)
("C:/Program Files/MiKTeX 2.9/tex/latex/fancyhdr/fancyhdr.sty"
Package: fancyhdr 2016/09/06 3.8 Extensive control of page headers and footers
\fancy@headwidth=\skip54
\f@ncyO@elh=\skip55
\f@ncyO@erh=\skip56
\f@ncyO@olh=\skip57
\f@ncyO@orh=\skip58
\f@ncyO@elf=\skip59
\f@ncyO@erf=\skip60
\f@ncyO@olf=\skip61
\f@ncyO@orf=\skip62
)
("C:/Program Files/MiKTeX 2.9/tex/latex/oberdiek/epstopdf.sty"
Package: epstopdf 2016/05/15 v2.6 Conversion with epstopdf on the fly (HO)

("C:/Program Files/MiKTeX 2.9/tex/latex/oberdiek/epstopdf-base.sty"
Package: epstopdf-base 2016/05/15 v2.6 Base part for package epstopdf

("C:/Program Files/MiKTeX 2.9/tex/latex/oberdiek/grfext.sty"
Package: grfext 2016/05/16 v1.2 Manage graphics extensions (HO)
)
Package epstopdf-base Info: Redefining graphics rule for `.eps' on input line 43
8.
Package grfext Info: Graphics extension search list:
(grfext)             [.png,.pdf,.jpg,.mps,.jpeg,.jbig2,.jb2,.PNG,.PDF,.JPG,.JPEG
,.JBIG2,.JB2,.eps]
(grfext)             \AppendGraphicsExtensions on input line 456.
))
("C:/Program Files/MiKTeX 2.9/tex/latex/graphics/color.sty"
Package: color 2016/07/10 v1.1e Standard LaTeX Color (DPC)

("C:/Program Files/MiKTeX 2.9/tex/latex/graphics-cfg/color.cfg"
File: color.cfg 2016/01/02 v1.6 sample color configuration
)
Package color Info: Driver file: luatex.def on input line 147.
)
("C:/Program Files/MiKTeX 2.9/tex/latex/sidecap/sidecap.sty"
Package: sidecap 2003/06/06 v1.6f SideCap Package (RN/HjG)

("C:/Program Files/MiKTeX 2.9/tex/latex/base/ifthen.sty"
Package: ifthen 2014/09/29 v1.1c Standard LaTeX ifthen package (DPC)
)
\SC@BOXWD=\dimen152
\SC@CAPWD=\dimen153
\SC@tempdima=\dimen154
\SC@tempdimb=\dimen155
\c@SC@C=\count143
\SC@BOX=\box60
)
("C:/Program Files/MiKTeX 2.9/tex/latex/wrapfig/wrapfig.sty"
\wrapoverhang=\dimen156
\WF@size=\dimen157
\c@WF@wrappedlines=\count144
\WF@box=\box61
\WF@everypar=\toks35
Package: wrapfig 2003/01/31  v 3.6
)
("C:/Program Files/MiKTeX 2.9/tex/latex/eso-pic/eso-pic.sty"
Package: eso-pic 2015/07/21 v2.0g eso-pic (RN)
)
("C:/Program Files/MiKTeX 2.9/tex/latex/marginnote/marginnote.sty"
Package: marginnote 2017/04/22 v1.2b non floating margin notes for LaTeX
\c@mn@abspage=\count145
)
("C:/Program Files/MiKTeX 2.9/tex/latex/sectsty/sectsty.sty"
Package: sectsty 2002/02/25 v2.0.2 Commands to change all sectional heading styl
es
)
No file MLMC.aux.

\openout1 = MLMC.aux
LaTeX Font Info:    Checking defaults for OML/cmm/m/it on input line 79.
LaTeX Font Info:    ... okay on input line 79.
LaTeX Font Info:    Checking defaults for T1/cmr/m/n on input line 79.
LaTeX Font Info:    ... okay on input line 79.
LaTeX Font Info:    Checking defaults for OT1/cmr/m/n on input line 79.
LaTeX Font Info:    ... okay on input line 79.
LaTeX Font Info:    Checking defaults for OMS/cmsy/m/n on input line 79.
LaTeX Font Info:    ... okay on input line 79.
LaTeX Font Info:    Checking defaults for TU/lmr/m/n on input line 79.
LaTeX Font Info:    ... okay on input line 79.
LaTeX Font Info:    Checking defaults for OMX/cmex/m/n on input line 79.
LaTeX Font Info:    ... okay on input line 79.
LaTeX Font Info:    Checking defaults for U/mathx/m/n on input line 79.
LaTeX Font Info:    ... okay on input line 79.
LaTeX Font Info:    Checking defaults for PD1/pdf/m/n on input line 79.
LaTeX Font Info:    ... okay on input line 79.
*geometry* driver: auto-detecting
*geometry* detected driver: pdftex
*geometry* verbose mode - [ preamble ] result:
* driver: pdftex
* paper: <default>
* layout: <same size as paper>
* layoutoffset:(h,v)=(0.0pt,0.0pt)
* modes: 
* h-part:(L,W,R)=(72.26999pt, 449.87982pt, 92.14519pt)
* v-part:(T,H,B)=(61.42993pt, 638.14268pt, 95.39737pt)
* \paperwidth=614.295pt
* \paperheight=794.96999pt
* \textwidth=505.89pt
* \textheight=668.4975pt
* \oddsidemargin=0.0pt
* \evensidemargin=0.0pt
* \topmargin=-47.84006pt
* \headheight=12.0pt
* \headsep=25.0pt
* \topskip=10.0pt
* \footskip=36.135pt
* \marginparwidth=72.26999pt
* \marginparsep=11.0pt
* \columnsep=10.0pt
* \skip\footins=9.0pt plus 4.0pt minus 2.0pt
* \hoffset=0.0pt
* \voffset=0.0pt
* \mag=1000
* \@twocolumnfalse
* \@twosidefalse
* \@mparswitchfalse
* \@reversemargintrue
* (1in=72.27pt=25.4mm, 1cm=28.453pt)

\AtBeginShipoutBox=\box62
Package hyperref Info: Link coloring OFF on input line 79.
LaTeX Info: Redefining \ref on input line 79.
LaTeX Info: Redefining \pageref on input line 79.
LaTeX Info: Redefining \nameref on input line 79.
\@outlinefile=\write3

\openout3 = MLMC.out
("C:/Program Files/MiKTeX 2.9/tex/context/base/supp-pdf.mkii"
[Loading MPS to PDF converter (version 2006.09.02).]
\scratchcounter=\count146
\scratchdimen=\dimen158
\scratchbox=\box63
\nofMPsegments=\count147
\nofMParguments=\count148
\everyMPshowfont=\toks36
\MPscratchCnt=\count149
\MPscratchDim=\dimen159
\MPnumerator=\count150
\makeMPintoPDFobject=\count151
\everyMPtoPDFconversion=\toks37
)
LaTeX Info: Redefining \microtypecontext on input line 79.
Package microtype Info: Generating PDF output.
Package microtype Info: Character protrusion enabled (level 2).
Package microtype Info: Using default protrusion set `alltext'.
Package microtype Info: Automatic font expansion enabled (level 2),
(microtype)             stretch: 20, shrink: 20, step: 1, non-selected.
Package microtype Info: Using default expansion set `basictext'.
Package microtype Info: No adjustment of tracking.
Package microtype Info: No adjustment of spacing.
Package microtype Info: No adjustment of kerning.
 ("C:/Program Files/MiKTeX 2.9/tex/latex/microtype/mt-cmr.cfg"
File: mt-cmr.cfg 2013/05/19 v2.2 microtype config. file: Computer Modern Roman (
RS)
)
Package microtype Info: Loading generic settings for font family
(microtype)             `lmr' (encoding: TU).
(microtype)             For optimal results, create family-specific settings.
(microtype)             See the microtype manual for details.


Package microtype Warning: Unknown slot number of character
(microtype)                `\`A'
(microtype)                in font encoding `TU' in inheritance list
(microtype)                `microtype.cfg/358(protrusion)'.


Package microtype Warning: Unknown slot number of character
(microtype)                `\'A'
(microtype)                in font encoding `TU' in inheritance list
(microtype)                `microtype.cfg/358(protrusion)'.


Package microtype Warning: Unknown slot number of character
(microtype)                `\^A'
(microtype)                in font encoding `TU' in inheritance list
(microtype)                `microtype.cfg/358(protrusion)'.


Package microtype Warning: Unknown slot number of character
(microtype)                `\~A'
(microtype)                in font encoding `TU' in inheritance list
(microtype)                `microtype.cfg/358(protrusion)'.


Package microtype Warning: Unknown slot number of character
(microtype)                `\"A'
(microtype)                in font encoding `TU' in inheritance list
(microtype)                `microtype.cfg/358(protrusion)'.


Package microtype Warning: Unknown slot number of character
(microtype)                `\r A'
(microtype)                in font encoding `TU' in inheritance list
(microtype)                `microtype.cfg/358(protrusion)'.


Package microtype Warning: Unknown slot number of character
(microtype)                `\k A'
(microtype)                in font encoding `TU' in inheritance list
(microtype)                `microtype.cfg/358(protrusion)'.


Package microtype Warning: Unknown slot number of character
(microtype)                `\u A'
(microtype)                in font encoding `TU' in inheritance list
(microtype)                `microtype.cfg/358(protrusion)'.


Package microtype Warning: Unknown slot number of character
(microtype)                `\`a'
(microtype)                in font encoding `TU' in inheritance list
(microtype)                `microtype.cfg/358(protrusion)'.


Package microtype Warning: Unknown slot number of character
(microtype)                `\'a'
(microtype)                in font encoding `TU' in inheritance list
(microtype)                `microtype.cfg/358(protrusion)'.


Package microtype Warning: Unknown slot number of character
(microtype)                `\^a'
(microtype)                in font encoding `TU' in inheritance list
(microtype)                `microtype.cfg/358(protrusion)'.


Package microtype Warning: Unknown slot number of character
(microtype)                `\~a'
(microtype)                in font encoding `TU' in inheritance list
(microtype)                `microtype.cfg/358(protrusion)'.


Package microtype Warning: Unknown slot number of character
(microtype)                `\"a'
(microtype)                in font encoding `TU' in inheritance list
(microtype)                `microtype.cfg/358(protrusion)'.


Package microtype Warning: Unknown slot number of character
(microtype)                `\r a'
(microtype)                in font encoding `TU' in inheritance list
(microtype)                `microtype.cfg/358(protrusion)'.


Package microtype Warning: Unknown slot number of character
(microtype)                `\k a'
(microtype)                in font encoding `TU' in inheritance list
(microtype)                `microtype.cfg/358(protrusion)'.


Package microtype Warning: Unknown slot number of character
(microtype)                `\u a'
(microtype)                in font encoding `TU' in inheritance list
(microtype)                `microtype.cfg/358(protrusion)'.


Package microtype Warning: Unknown slot number of character
(microtype)                `\'C'
(microtype)                in font encoding `TU' in inheritance list
(microtype)                `microtype.cfg/358(protrusion)'.


Package microtype Warning: Unknown slot number of character
(microtype)                `\c C'
(microtype)                in font encoding `TU' in inheritance list
(microtype)                `microtype.cfg/358(protrusion)'.


Package microtype Warning: Unknown slot number of character
(microtype)                `\v C'
(microtype)                in font encoding `TU' in inheritance list
(microtype)                `microtype.cfg/358(protrusion)'.


Package microtype Warning: Unknown slot number of character
(microtype)                `\'c'
(microtype)                in font encoding `TU' in inheritance list
(microtype)                `microtype.cfg/358(protrusion)'.


Package microtype Warning: Unknown slot number of character
(microtype)                `\c c'
(microtype)                in font encoding `TU' in inheritance list
(microtype)                `microtype.cfg/358(protrusion)'.


Package microtype Warning: Unknown slot number of character
(microtype)                `\v c'
(microtype)                in font encoding `TU' in inheritance list
(microtype)                `microtype.cfg/358(protrusion)'.


Package microtype Warning: Unknown slot number of character
(microtype)                `\v D'
(microtype)                in font encoding `TU' in inheritance list
(microtype)                `microtype.cfg/358(protrusion)'.


Package microtype Warning: Unknown slot number of character
(microtype)                `\v d'
(microtype)                in font encoding `TU' in inheritance list
(microtype)                `microtype.cfg/358(protrusion)'.


Package microtype Warning: Unknown slot number of character
(microtype)                `\`E'
(microtype)                in font encoding `TU' in inheritance list
(microtype)                `microtype.cfg/358(protrusion)'.


Package microtype Warning: Unknown slot number of character
(microtype)                `\'E'
(microtype)                in font encoding `TU' in inheritance list
(microtype)                `microtype.cfg/358(protrusion)'.


Package microtype Warning: Unknown slot number of character
(microtype)                `\^E'
(microtype)                in font encoding `TU' in inheritance list
(microtype)                `microtype.cfg/358(protrusion)'.


Package microtype Warning: Unknown slot number of character
(microtype)                `\"E'
(microtype)                in font encoding `TU' in inheritance list
(microtype)                `microtype.cfg/358(protrusion)'.


Package microtype Warning: Unknown slot number of character
(microtype)                `\k E'
(microtype)                in font encoding `TU' in inheritance list
(microtype)                `microtype.cfg/358(protrusion)'.


Package microtype Warning: Unknown slot number of character
(microtype)                `\v E'
(microtype)                in font encoding `TU' in inheritance list
(microtype)                `microtype.cfg/358(protrusion)'.


Package microtype Warning: Unknown slot number of character
(microtype)                `\`e'
(microtype)                in font encoding `TU' in inheritance list
(microtype)                `microtype.cfg/358(protrusion)'.


Package microtype Warning: Unknown slot number of character
(microtype)                `\'e'
(microtype)                in font encoding `TU' in inheritance list
(microtype)                `microtype.cfg/358(protrusion)'.


Package microtype Warning: Unknown slot number of character
(microtype)                `\^e'
(microtype)                in font encoding `TU' in inheritance list
(microtype)                `microtype.cfg/358(protrusion)'.


Package microtype Warning: Unknown slot number of character
(microtype)                `\"e'
(microtype)                in font encoding `TU' in inheritance list
(microtype)                `microtype.cfg/358(protrusion)'.


Package microtype Warning: Unknown slot number of character
(microtype)                `\k e'
(microtype)                in font encoding `TU' in inheritance list
(microtype)                `microtype.cfg/358(protrusion)'.


Package microtype Warning: Unknown slot number of character
(microtype)                `\v e'
(microtype)                in font encoding `TU' in inheritance list
(microtype)                `microtype.cfg/358(protrusion)'.


Package microtype Warning: Unknown slot number of character
(microtype)                `\u G'
(microtype)                in font encoding `TU' in inheritance list
(microtype)                `microtype.cfg/358(protrusion)'.


Package microtype Warning: Unknown slot number of character
(microtype)                `\u g'
(microtype)                in font encoding `TU' in inheritance list
(microtype)                `microtype.cfg/358(protrusion)'.


Package microtype Warning: Unknown slot number of character
(microtype)                `\`I'
(microtype)                in font encoding `TU' in inheritance list
(microtype)                `microtype.cfg/358(protrusion)'.


Package microtype Warning: Unknown slot number of character
(microtype)                `\'I'
(microtype)                in font encoding `TU' in inheritance list
(microtype)                `microtype.cfg/358(protrusion)'.


Package microtype Warning: Unknown slot number of character
(microtype)                `\^I'
(microtype)                in font encoding `TU' in inheritance list
(microtype)                `microtype.cfg/358(protrusion)'.


Package microtype Warning: Unknown slot number of character
(microtype)                `\"I'
(microtype)                in font encoding `TU' in inheritance list
(microtype)                `microtype.cfg/358(protrusion)'.


Package microtype Warning: Unknown slot number of character
(microtype)                `\.I'
(microtype)                in font encoding `TU' in inheritance list
(microtype)                `microtype.cfg/358(protrusion)'.


Package microtype Warning: Unknown slot number of character
(microtype)                `\`i'
(microtype)                in font encoding `TU' in inheritance list
(microtype)                `microtype.cfg/358(protrusion)'.


Package microtype Warning: Unknown slot number of character
(microtype)                `\'i'
(microtype)                in font encoding `TU' in inheritance list
(microtype)                `microtype.cfg/358(protrusion)'.


Package microtype Warning: Unknown slot number of character
(microtype)                `\^i'
(microtype)                in font encoding `TU' in inheritance list
(microtype)                `microtype.cfg/358(protrusion)'.


Package microtype Warning: Unknown slot number of character
(microtype)                `\"i'
(microtype)                in font encoding `TU' in inheritance list
(microtype)                `microtype.cfg/358(protrusion)'.


Package microtype Warning: Unknown slot number of character
(microtype)                `\'L'
(microtype)                in font encoding `TU' in inheritance list
(microtype)                `microtype.cfg/358(protrusion)'.


Package microtype Warning: Unknown slot number of character
(microtype)                `\v L'
(microtype)                in font encoding `TU' in inheritance list
(microtype)                `microtype.cfg/358(protrusion)'.


Package microtype Warning: Unknown slot number of character
(microtype)                `\'l'
(microtype)                in font encoding `TU' in inheritance list
(microtype)                `microtype.cfg/358(protrusion)'.


Package microtype Warning: Unknown slot number of character
(microtype)                `\v l'
(microtype)                in font encoding `TU' in inheritance list
(microtype)                `microtype.cfg/358(protrusion)'.


Package microtype Warning: Unknown slot number of character
(microtype)                `\'N'
(microtype)                in font encoding `TU' in inheritance list
(microtype)                `microtype.cfg/358(protrusion)'.


Package microtype Warning: Unknown slot number of character
(microtype)                `\~N'
(microtype)                in font encoding `TU' in inheritance list
(microtype)                `microtype.cfg/358(protrusion)'.


Package microtype Warning: Unknown slot number of character
(microtype)                `\v N'
(microtype)                in font encoding `TU' in inheritance list
(microtype)                `microtype.cfg/358(protrusion)'.


Package microtype Warning: Unknown slot number of character
(microtype)                `\'n'
(microtype)                in font encoding `TU' in inheritance list
(microtype)                `microtype.cfg/358(protrusion)'.


Package microtype Warning: Unknown slot number of character
(microtype)                `\~n'
(microtype)                in font encoding `TU' in inheritance list
(microtype)                `microtype.cfg/358(protrusion)'.


Package microtype Warning: Unknown slot number of character
(microtype)                `\v n'
(microtype)                in font encoding `TU' in inheritance list
(microtype)                `microtype.cfg/358(protrusion)'.


Package microtype Warning: Unknown slot number of character
(microtype)                `\`O'
(microtype)                in font encoding `TU' in inheritance list
(microtype)                `microtype.cfg/358(protrusion)'.


Package microtype Warning: Unknown slot number of character
(microtype)                `\'O'
(microtype)                in font encoding `TU' in inheritance list
(microtype)                `microtype.cfg/358(protrusion)'.


Package microtype Warning: Unknown slot number of character
(microtype)                `\^O'
(microtype)                in font encoding `TU' in inheritance list
(microtype)                `microtype.cfg/358(protrusion)'.


Package microtype Warning: Unknown slot number of character
(microtype)                `\~O'
(microtype)                in font encoding `TU' in inheritance list
(microtype)                `microtype.cfg/358(protrusion)'.


Package microtype Warning: Unknown slot number of character
(microtype)                `\"O'
(microtype)                in font encoding `TU' in inheritance list
(microtype)                `microtype.cfg/358(protrusion)'.


Package microtype Warning: Unknown slot number of character
(microtype)                `\H O'
(microtype)                in font encoding `TU' in inheritance list
(microtype)                `microtype.cfg/358(protrusion)'.


Package microtype Warning: Unknown slot number of character
(microtype)                `\`o'
(microtype)                in font encoding `TU' in inheritance list
(microtype)                `microtype.cfg/358(protrusion)'.


Package microtype Warning: Unknown slot number of character
(microtype)                `\'o'
(microtype)                in font encoding `TU' in inheritance list
(microtype)                `microtype.cfg/358(protrusion)'.


Package microtype Warning: Unknown slot number of character
(microtype)                `\^o'
(microtype)                in font encoding `TU' in inheritance list
(microtype)                `microtype.cfg/358(protrusion)'.


Package microtype Warning: Unknown slot number of character
(microtype)                `\~o'
(microtype)                in font encoding `TU' in inheritance list
(microtype)                `microtype.cfg/358(protrusion)'.


Package microtype Warning: Unknown slot number of character
(microtype)                `\"o'
(microtype)                in font encoding `TU' in inheritance list
(microtype)                `microtype.cfg/358(protrusion)'.


Package microtype Warning: Unknown slot number of character
(microtype)                `\H o'
(microtype)                in font encoding `TU' in inheritance list
(microtype)                `microtype.cfg/358(protrusion)'.


Package microtype Warning: Unknown slot number of character
(microtype)                `\'R'
(microtype)                in font encoding `TU' in inheritance list
(microtype)                `microtype.cfg/358(protrusion)'.


Package microtype Warning: Unknown slot number of character
(microtype)                `\v R'
(microtype)                in font encoding `TU' in inheritance list
(microtype)                `microtype.cfg/358(protrusion)'.


Package microtype Warning: Unknown slot number of character
(microtype)                `\'r'
(microtype)                in font encoding `TU' in inheritance list
(microtype)                `microtype.cfg/358(protrusion)'.


Package microtype Warning: Unknown slot number of character
(microtype)                `\v r'
(microtype)                in font encoding `TU' in inheritance list
(microtype)                `microtype.cfg/358(protrusion)'.


Package microtype Warning: Unknown slot number of character
(microtype)                `\'S'
(microtype)                in font encoding `TU' in inheritance list
(microtype)                `microtype.cfg/358(protrusion)'.


Package microtype Warning: Unknown slot number of character
(microtype)                `\c S'
(microtype)                in font encoding `TU' in inheritance list
(microtype)                `microtype.cfg/358(protrusion)'.


Package microtype Warning: Unknown slot number of character
(microtype)                `\v S'
(microtype)                in font encoding `TU' in inheritance list
(microtype)                `microtype.cfg/358(protrusion)'.


Package microtype Warning: Unknown slot number of character
(microtype)                `\'s'
(microtype)                in font encoding `TU' in inheritance list
(microtype)                `microtype.cfg/358(protrusion)'.


Package microtype Warning: Unknown slot number of character
(microtype)                `\c s'
(microtype)                in font encoding `TU' in inheritance list
(microtype)                `microtype.cfg/358(protrusion)'.


Package microtype Warning: Unknown slot number of character
(microtype)                `\v s'
(microtype)                in font encoding `TU' in inheritance list
(microtype)                `microtype.cfg/358(protrusion)'.


Package microtype Warning: Unknown slot number of character
(microtype)                `\c T'
(microtype)                in font encoding `TU' in inheritance list
(microtype)                `microtype.cfg/358(protrusion)'.


Package microtype Warning: Unknown slot number of character
(microtype)                `\v T'
(microtype)                in font encoding `TU' in inheritance list
(microtype)                `microtype.cfg/358(protrusion)'.


Package microtype Warning: Unknown slot number of character
(microtype)                `\c t'
(microtype)                in font encoding `TU' in inheritance list
(microtype)                `microtype.cfg/358(protrusion)'.


Package microtype Warning: Unknown slot number of character
(microtype)                `\v t'
(microtype)                in font encoding `TU' in inheritance list
(microtype)                `microtype.cfg/358(protrusion)'.


Package microtype Warning: Unknown slot number of character
(microtype)                `\`U'
(microtype)                in font encoding `TU' in inheritance list
(microtype)                `microtype.cfg/358(protrusion)'.


Package microtype Warning: Unknown slot number of character
(microtype)                `\'U'
(microtype)                in font encoding `TU' in inheritance list
(microtype)                `microtype.cfg/358(protrusion)'.


Package microtype Warning: Unknown slot number of character
(microtype)                `\^U'
(microtype)                in font encoding `TU' in inheritance list
(microtype)                `microtype.cfg/358(protrusion)'.


Package microtype Warning: Unknown slot number of character
(microtype)                `\"U'
(microtype)                in font encoding `TU' in inheritance list
(microtype)                `microtype.cfg/358(protrusion)'.


Package microtype Warning: Unknown slot number of character
(microtype)                `\H U'
(microtype)                in font encoding `TU' in inheritance list
(microtype)                `microtype.cfg/358(protrusion)'.


Package microtype Warning: Unknown slot number of character
(microtype)                `\r U'
(microtype)                in font encoding `TU' in inheritance list
(microtype)                `microtype.cfg/358(protrusion)'.


Package microtype Warning: Unknown slot number of character
(microtype)                `\`u'
(microtype)                in font encoding `TU' in inheritance list
(microtype)                `microtype.cfg/358(protrusion)'.


Package microtype Warning: Unknown slot number of character
(microtype)                `\'u'
(microtype)                in font encoding `TU' in inheritance list
(microtype)                `microtype.cfg/358(protrusion)'.


Package microtype Warning: Unknown slot number of character
(microtype)                `\^u'
(microtype)                in font encoding `TU' in inheritance list
(microtype)                `microtype.cfg/358(protrusion)'.


Package microtype Warning: Unknown slot number of character
(microtype)                `\"u'
(microtype)                in font encoding `TU' in inheritance list
(microtype)                `microtype.cfg/358(protrusion)'.


Package microtype Warning: Unknown slot number of character
(microtype)                `\H u'
(microtype)                in font encoding `TU' in inheritance list
(microtype)                `microtype.cfg/358(protrusion)'.


Package microtype Warning: Unknown slot number of character
(microtype)                `\r u'
(microtype)                in font encoding `TU' in inheritance list
(microtype)                `microtype.cfg/358(protrusion)'.


Package microtype Warning: Unknown slot number of character
(microtype)                `\'Y'
(microtype)                in font encoding `TU' in inheritance list
(microtype)                `microtype.cfg/358(protrusion)'.


Package microtype Warning: Unknown slot number of character
(microtype)                `\"Y'
(microtype)                in font encoding `TU' in inheritance list
(microtype)                `microtype.cfg/358(protrusion)'.


Package microtype Warning: Unknown slot number of character
(microtype)                `\'y'
(microtype)                in font encoding `TU' in inheritance list
(microtype)                `microtype.cfg/358(protrusion)'.


Package microtype Warning: Unknown slot number of character
(microtype)                `\"y'
(microtype)                in font encoding `TU' in inheritance list
(microtype)                `microtype.cfg/358(protrusion)'.


Package microtype Warning: Unknown slot number of character
(microtype)                `\'Z'
(microtype)                in font encoding `TU' in inheritance list
(microtype)                `microtype.cfg/358(protrusion)'.


Package microtype Warning: Unknown slot number of character
(microtype)                `\.Z'
(microtype)                in font encoding `TU' in inheritance list
(microtype)                `microtype.cfg/358(protrusion)'.


Package microtype Warning: Unknown slot number of character
(microtype)                `\v Z'
(microtype)                in font encoding `TU' in inheritance list
(microtype)                `microtype.cfg/358(protrusion)'.


Package microtype Warning: Unknown slot number of character
(microtype)                `\'z'
(microtype)                in font encoding `TU' in inheritance list
(microtype)                `microtype.cfg/358(protrusion)'.


Package microtype Warning: Unknown slot number of character
(microtype)                `\.z'
(microtype)                in font encoding `TU' in inheritance list
(microtype)                `microtype.cfg/358(protrusion)'.


Package microtype Warning: Unknown slot number of character
(microtype)                `\v z'
(microtype)                in font encoding `TU' in inheritance list
(microtype)                `microtype.cfg/358(protrusion)'.

Package caption Info: Begin \AtBeginDocument code.
Package caption Info: sidecap package is loaded.
Package caption Info: wrapfig package is loaded.
Package caption Info: End \AtBeginDocument code.
Package lastpage Info: Please have a look at the pageslts package at
(lastpage)             https://www.ctan.org/pkg/pageslts
(lastpage)             ! on input line 79.
("C:/Program Files/MiKTeX 2.9/tex/latex/ms/ragged2e.sty"
Package: ragged2e 2009/05/21 v2.1 ragged2e Package (MS)

("C:/Program Files/MiKTeX 2.9/tex/latex/ms/everysel.sty"
Package: everysel 2011/10/28 v1.2 EverySelectfont Package (MS)

ABD: EverySelectfont initializing macros
LaTeX Info: Redefining \selectfont on input line 126.
)
\CenteringLeftskip=\skip63
\RaggedLeftLeftskip=\skip64
\RaggedRightLeftskip=\skip65
\CenteringRightskip=\skip66
\RaggedLeftRightskip=\skip67
\RaggedRightRightskip=\skip68
\CenteringParfillskip=\skip69
\RaggedLeftParfillskip=\skip70
\RaggedRightParfillskip=\skip71
\JustifyingParfillskip=\skip72
\CenteringParindent=\skip73
\RaggedLeftParindent=\skip74
\RaggedRightParindent=\skip75
\JustifyingParindent=\skip76
)
Package marginnote Info: \pdfoutput not 0 or unimportant and
(marginnote)             \pdflastxpos or \lastxpos available.
(marginnote)             Extended position detection mode activated.
(load luc: C:/Users/texense/AppData/Local/MiKTeX/2.9/luatex-cache/generic/fonts/
otl/lmroman12-regular.luc)(load luc: C:/Users/texense/AppData/Local/MiKTeX/2.9/l
uatex-cache/generic/fonts/otl/lmroman12-bold.luc)
LaTeX Font Info:    Try loading font information for U+msa on input line 91.
 ("C:/Program Files/MiKTeX 2.9/tex/latex/amsfonts/umsa.fd"
File: umsa.fd 2013/01/14 v3.01 AMS symbols A
)
("C:/Program Files/MiKTeX 2.9/tex/latex/microtype/mt-msa.cfg"
File: mt-msa.cfg 2006/02/04 v1.1 microtype config. file: AMS symbols (a) (RS)
)
LaTeX Font Info:    Try loading font information for U+msb on input line 91.

("C:/Program Files/MiKTeX 2.9/tex/latex/amsfonts/umsb.fd"
File: umsb.fd 2013/01/14 v3.01 AMS symbols B
)
("C:/Program Files/MiKTeX 2.9/tex/latex/microtype/mt-msb.cfg"
File: mt-msb.cfg 2005/06/01 v1.0 microtype config. file: AMS symbols (b) (RS)
)(load luc: C:/Users/texense/AppData/Local/MiKTeX/2.9/luatex-cache/generic/fonts
/otl/lmroman7-regular.luc)(load luc: C:/Users/texense/AppData/Local/MiKTeX/2.9/l
uatex-cache/generic/fonts/otl/lmroman10-bold.luc)

LaTeX Warning: Reference `simIF' on page 1 undefined on input line 128.


LaTeX Warning: Citation `Giles2008' on page 1 undefined on input line 130.


LaTeX Warning: Citation `Giles2008' on page 1 undefined on input line 130.


LaTeX Warning: Citation `Giles2008' on page 1 undefined on input line 130.


LaTeX Warning: Reference `BC' on page 1 undefined on input line 132.


Underfull \hbox (badness 10000) in paragraph at lines 125--133

 []


LaTeX Warning: Reference `nIF' on page 1 undefined on input line 146.


Underfull \hbox (badness 10000) in paragraph at lines 145--147

 []


Package amsmath Warning: Cannot use `split' here;
(amsmath)                trying to recover with `aligned' on input line 155.


Overfull \hbox (16.19756pt too wide) in alignment at lines 148--156
 [][][] []
 []


LaTeX Warning: Reference `LastPage' on page 1 undefined on input line 156.

[1

{C:/ProgramData/MiKTeX/2.9/pdftex/config/pdftex.map}]

Package amsmath Warning: Cannot use `split' here;
(amsmath)                trying to recover with `aligned' on input line 163.


LaTeX Warning: Reference `1IF' on page 2 undefined on input line 186.


LaTeX Warning: Reference `VI_plots' on page 2 undefined on input line 186.


LaTeX Warning: Reference `1IF' on page 2 undefined on input line 186.


Package amsmath Warning: Cannot use `split' here;
(amsmath)                trying to recover with `aligned' on input line 191.


Underfull \hbox (badness 10000) in paragraph at lines 192--194

 []

<VI_plots.png, id=26, 497.33804pt x 391.34206pt>
File: VI_plots.png Graphic file (type png)
 <use VI_plots.png>
Package luatex.def Info: VI_plots.png used on input line 196.
(luatex.def)             Requested size: 252.94499pt x 199.0384pt.

Overfull \hbox (5.0pt too wide) in paragraph at lines 196--197
[][] 
 []


LaTeX Warning: Reference `1IF' on page 2 undefined on input line 197.


LaTeX Warning: Reference `sIF' on page 2 undefined on input line 197.


LaTeX Warning: Reference `sIF' on page 2 undefined on input line 204.


LaTeX Warning: Reference `sIF' on page 2 undefined on input line 204.


Package amsmath Warning: Cannot use `split' here;
(amsmath)                trying to recover with `aligned' on input line 209.


LaTeX Warning: Reference `diff' on page 2 undefined on input line 215.

<2_unconverging_V.png, id=27, 421.575pt x 316.18124pt>
File: 2_unconverging_V.png Graphic file (type png)

<use 2_unconverging_V.png>
Package luatex.def Info: 2_unconverging_V.png used on input line 221.
(luatex.def)             Requested size: 252.94499pt x 189.7102pt.

Overfull \hbox (5.0pt too wide) in paragraph at lines 221--222
[][] 
 []


LaTeX Warning: Reference `sIF' on page 2 undefined on input line 230.


LaTeX Warning: Reference `sIF' on page 2 undefined on input line 230.


LaTeX Warning: Reference `2_unconverging_V' on page 2 undefined on input line 23
6.


LaTeX Warning: Reference `sameIF' on page 2 undefined on input line 236.


LaTeX Warning: Reference `LastPage' on page 2 undefined on input line 237.

[2
warning  (pdf backend): ignoring duplicate destination with the name 'equation.1
.2'

warning  (pdf backend): ignoring duplicate destination with the name 'equation.1
.2'

warning  (pdf backend): ignoring duplicate destination with the name 'equation.1
.2'

warning  (pdf backend): ignoring duplicate destination with the name 'equation.1
.2'
<C:/Users/texense/Desktop/MLMC/MLMC paper/VI_plots.png>]

LaTeX Warning: Reference `1IF' on page 3 undefined on input line 244.


LaTeX Warning: Reference `hom-IF' on page 3 undefined on input line 252.


LaTeX Warning: Reference `num-hom-IF' on page 3 undefined on input line 252.


LaTeX Warning: Reference `hom-IF' on page 3 undefined on input line 254.


LaTeX Warning: Reference `hom-IF' on page 3 undefined on input line 259.


LaTeX Warning: Citation `FPTaoCai' on page 3 undefined on input line 271.


LaTeX Warning: Reference `LastPage' on page 3 undefined on input line 276.

[3<C:/Users/texense/Desktop/MLMC/MLMC paper/2_unconverging_V.png>]

LaTeX Warning: Reference `num-hom-IF' on page 4 undefined on input line 278.


LaTeX Warning: Reference `Exp' on page 4 undefined on input line 289.


LaTeX Warning: Reference `num-hom-FP' on page 4 undefined on input line 295.


LaTeX Warning: Reference `num-hom-FP' on page 4 undefined on input line 295.


LaTeX Warning: Reference `hom-FP' on page 4 undefined on input line 295.


LaTeX Warning: Reference `hom-FP' on page 4 undefined on input line 295.


LaTeX Warning: Reference `Exp' on page 4 undefined on input line 297.


LaTeX Warning: Reference `num-hom-FP' on page 4 undefined on input line 306.


LaTeX Warning: Reference `V0_V1' on page 4 undefined on input line 306.


LaTeX Warning: Reference `hom-FP' on page 4 undefined on input line 308.


LaTeX Warning: Reference `hom-con-FP' on page 4 undefined on input line 308.


LaTeX Warning: Reference `hom-con-FP' on page 4 undefined on input line 308.

<V0_V1.png, id=50, 514.68285pt x 295.94565pt>
File: V0_V1.png Graphic file (type png)
 <use V0_V1.png>
Package luatex.def Info: V0_V1.png used on input line 316.
(luatex.def)             Requested size: 505.89pt x 290.9008pt.


LaTeX Warning: Reference `num-hom-FP' on page 4 undefined on input line 318.


LaTeX Warning: Reference `Exp' on page 4 undefined on input line 318.


LaTeX Warning: Reference `Exp2' on page 4 undefined on input line 318.


LaTeX Warning: Reference `Exp' on page 4 undefined on input line 318.


LaTeX Warning: Reference `Exp2' on page 4 undefined on input line 318.


LaTeX Warning: Reference `hom-FP' on page 4 undefined on input line 318.


LaTeX Warning: Reference `hom-con-FP' on page 4 undefined on input line 318.


LaTeX Warning: Reference `LastPage' on page 4 undefined on input line 339.

[4]

LaTeX Warning: Reference `LastPage' on page 5 undefined on input line 351.

[5
warning  (pdf backend): ignoring duplicate destination with the name 'equation.1
.15'
<C:/Users/texense/Desktop/MLMC/MLMC paper/V0_V1.png>]

LaTeX Warning: Reference `hom-con-FP' on page 6 undefined on input line 359.


LaTeX Warning: Reference `L2' on page 6 undefined on input line 366.


LaTeX Warning: Reference `hom-con-FP' on page 6 undefined on input line 371.


LaTeX Warning: Reference `hom-con-FP' on page 6 undefined on input line 390.


LaTeX Warning: Reference `LastPage' on page 6 undefined on input line 404.

[6
warning  (pdf backend): ignoring duplicate destination with the name 'equation.1
.15'

warning  (pdf backend): ignoring duplicate destination with the name 'equation.1
.18'
] <t_error.png, id=79, 2530.05225pt x 1963.93726pt>
File: t_error.png Graphic file (type png)
 <use t_error.png>
Package luatex.def Info: t_error.png used on input line 406.
(luatex.def)             Requested size: 252.94499pt x 196.34529pt.


LaTeX Warning: Reference `t_error' on page 7 undefined on input line 415.


LaTeX Warning: Reference `hom-IF' on page 7 undefined on input line 415.


LaTeX Warning: Reference `num-hom-IF' on page 7 undefined on input line 415.


Underfull \hbox (badness 10000) in paragraph at lines 416--417

 []

(load luc: C:/Users/texense/AppData/Local/MiKTeX/2.9/luatex-cache/generic/fonts/
otl/lmroman10-italic.luc) <2neurons.png, id=80, 578.16pt x 433.62pt>
File: 2neurons.png Graphic file (type png)

<use 2neurons.png>
Package luatex.def Info: 2neurons.png used on input line 424.
(luatex.def)             Requested size: 505.89pt x 379.41656pt.

Underfull \hbox (badness 10000) in paragraph at lines 418--427
\TU/lmr/m/n/10 each neu-ron is driven by a conductance-based I-F equa-tion:
 []


LaTeX Warning: Reference `LastPage' on page 7 undefined on input line 430.

[7<C:/Users/texense/Desktop/MLMC/MLMC paper/t_error.png><C:/Users/texense/Deskto
p/MLMC/MLMC paper/2neurons.png>]

LaTeX Warning: Reference `G-IF' on page 8 undefined on input line 438.


LaTeX Warning: Reference `G_based_feedforward' on page 8 undefined on input line
 438.

<G_based_feedforward.png, id=92, 578.16pt x 433.62pt>
File: G_based_feedforward.png Graphic file (type png)

<use G_based_feedforward.png>
Package luatex.def Info: G_based_feedforward.png used on input line 442.
(luatex.def)             Requested size: 505.89pt x 379.41656pt.


LaTeX Warning: Reference `LastPage' on page 8 undefined on input line 453.

[8] <G_based_recurrent.png, id=98, 578.16pt x 433.62pt>
File: G_based_recurrent.png Graphic file (type png)

<use G_based_recurrent.png>
Package luatex.def Info: G_based_recurrent.png used on input line 457.
(luatex.def)             Requested size: 505.89pt x 379.41656pt.


LaTeX Warning: Reference `LastPage' on page 9 undefined on input line 469.

[9<C:/Users/texense/Desktop/MLMC/MLMC paper/G_based_recurrent.png><C:/Users/texe
nse/Desktop/MLMC/MLMC paper/G_based_feedforward.png>](load luc: C:/Users/texense
/AppData/Local/MiKTeX/2.9/luatex-cache/generic/fonts/otl/lmmono10-regular.luc)
Package microtype Info: Loading generic settings for font family
(microtype)             `lmtt' (encoding: TU).
(microtype)             For optimal results, create family-specific settings.
(microtype)             See the microtype manual for details.


LaTeX Warning: Reference `exampl dfjp56tyuj e_label' on page 10 undefined on inp
ut line 480.


Package lastpage Warning: Rerun to get the references right on input line 498.


AED: lastpage setting LastPage

LaTeX Warning: Reference `LastPage' on page 10 undefined on input line 498.

[10]
Package atveryend Info: Empty hook `BeforeClearDocument' on input line 498.
Package atveryend Info: Empty hook `AfterLastShipout' on input line 498.
 (./MLMC.aux)
Package atveryend Info: Executing hook `AtVeryEndDocument' on input line 498.
Package atveryend Info: Executing hook `AtEndAfterFileList' on input line 498.


Package rerunfilecheck Warning: File `MLMC.out' has changed.
(rerunfilecheck)                Rerun to get outlines right
(rerunfilecheck)                or use package `bookmark'.

Package rerunfilecheck Info: Checksums for `MLMC.out':
(rerunfilecheck)             Before: <no file>
(rerunfilecheck)             After:  A4D2BCA8BD7E5AA4A330E1BD09E8A0E8;96.

LaTeX Warning: There were undefined references.


LaTeX Warning: Label(s) may have changed. Rerun to get cross-references right.

Package atveryend Info: Empty hook `AtVeryVeryEnd' on input line 498.
)

Here is how much of LuaTeX's memory you used:
 11463 strings out of 494489
 100000,460012 words of node,token memory allocated
 600 words of node memory still in use:
   7 hlist, 2 vlist, 2 rule, 2 glue, 1 kern, 11 attribute, 74 glue_spec, 11 attr
ibute_list, 2 write nodes
   avail lists: 2:995,3:186,4:65,5:363,6:4095,7:1444,8:85,9:693,10:23,11:371
 15001 multiletter control sequences out of 65536+200000
 51 fonts using 3669063 bytes
 36i,13n,43p,1447b,507s stack positions out of 5000i,500n,10000p,200000b,50000s
<c:/program files/miktex 2.9/fonts/opentype/public/lm/lmmono10-regular.otf><c:/p
rogram files/miktex 2.9/fonts/opentype/public/lm/lmroman10-italic.otf><<C:\Users
\texense\AppData\Local\MiKTeX\2.9\fonts\pk\ljfour\public\mathabx\dpi600\matha7.p
k>><<C:\Users\texense\AppData\Local\MiKTeX\2.9\fonts\pk\ljfour\public\mathabx\dp
i600\mathx10.pk>><<C:\Users\texense\AppData\Local\MiKTeX\2.9\fonts\pk\ljfour\pub
lic\mathabx\dpi600\matha10.pk>><c:/program files/miktex 2.9/fonts/opentype/publi
c/lm/lmroman10-bold.otf><c:/program files/miktex 2.9/fonts/opentype/public/lm/lm
roman7-regular.otf><c:/program files/miktex 2.9/fonts/opentype/public/lm/lmroman
10-regular.otf><c:/program files/miktex 2.9/fonts/opentype/public/lm/lmroman12-b
old.otf><C:/Program Files/MiKTeX 2.9/fonts/type1/public/amsfonts/cm/cmmi10.pfb><
C:/Program Files/MiKTeX 2.9/fonts/type1/public/amsfonts/cm/cmmi5.pfb><C:/Program
 Files/MiKTeX 2.9/fonts/type1/public/amsfonts/cm/cmmi7.pfb><C:/Program Files/MiK
TeX 2.9/fonts/type1/public/amsfonts/cm/cmr10.pfb><C:/Program Files/MiKTeX 2.9/fo
nts/type1/public/amsfonts/cm/cmr5.pfb><C:/Program Files/MiKTeX 2.9/fonts/type1/p
ublic/amsfonts/cm/cmr7.pfb><C:/Program Files/MiKTeX 2.9/fonts/type1/public/amsfo
nts/symbols/msbm10.pfb>
Output written on MLMC.pdf (10 pages, 2271172 bytes).

PDF statistics: 229 PDF objects out of 1000 (max. 8388607)
 59 named destinations out of 1000 (max. 131072)
 1 words of extra memory for PDF output out of 10000 (max. 100000000)

